<?xml version="1.0" encoding="UTF-8"?>
<testsuite xmlns:xsi="http://www.w3.org/2001/XMLSchema-instance" xsi:noNamespaceSchemaLocation="https://maven.apache.org/surefire/maven-surefire-plugin/xsd/surefire-test-report-3.0.xsd" version="3.0" name="com.example.codingexercise.PackageControllerTests" time="2.152" tests="2" errors="0" skipped="0" failures="0">
  <properties>
[...]
</properties>
  <testcase name="createPackage" classname="com.example.codingexercise.PackageControllerTests" time="0.827">
    <system-out><![CDATA[16:49:16.937 [main] INFO org.springframework.test.context.support.AnnotationConfigContextLoaderUtils -- Could not detect default configuration classes for test class [com.example.codingexercise.PackageControllerTests]: PackageControllerTests does not declare any static, non-private, non-final, nested classes annotated with @Configuration.
16:49:16.982 [main] INFO org.springframework.boot.test.context.SpringBootTestContextBootstrapper -- Found @SpringBootConfiguration com.example.codingexercise.CodingExerciseApplication for test class com.example.codingexercise.PackageControllerTests

  .   ____          _            __ _ _
 /\\ / ___'_ __ _ _(_)_ __  __ _ \ \ \ \
( ( )\___ | '_ | '_| | '_ \/ _` | \ \ \ \
 \\/  ___)| |_)| | | | | || (_| |  ) ) ) )
  '  |____| .__|_| |_|_| |_\__, | / / / /
 =========|_|==============|___/=/_/_/_/
 :: Spring Boot ::                (v3.1.0)

2023-07-02T16:49:17.153+01:00  INFO 19098 --- [           main] c.e.c.PackageControllerTests             : Starting PackageControllerTests using Java 18.0.1.1 with PID 19098 (started by adeolaoladeinde in /Users/adeolaoladeinde/Projects/Jagex/codingexercise)
2023-07-02T16:49:17.154+01:00  INFO 19098 --- [           main] c.e.c.PackageControllerTests             : No active profile set, falling back to 1 default profile: "default"
2023-07-02T16:49:17.609+01:00  INFO 19098 --- [           main] o.s.b.w.embedded.tomcat.TomcatWebServer  : Tomcat initialized with port(s): 0 (http)
2023-07-02T16:49:17.616+01:00  INFO 19098 --- [           main] o.apache.catalina.core.StandardService   : Starting service [Tomcat]
2023-07-02T16:49:17.616+01:00  INFO 19098 --- [           main] o.apache.catalina.core.StandardEngine    : Starting Servlet engine: [Apache Tomcat/10.1.8]
2023-07-02T16:49:17.667+01:00  INFO 19098 --- [           main] o.a.c.c.C.[Tomcat].[localhost].[/]       : Initializing Spring embedded WebApplicationContext
2023-07-02T16:49:17.668+01:00  INFO 19098 --- [           main] w.s.c.ServletWebServerApplicationContext : Root WebApplicationContext: initialization completed in 503 ms
2023-07-02T16:49:17.834+01:00  INFO 19098 --- [           main] o.s.b.w.embedded.tomcat.TomcatWebServer  : Tomcat started on port(s): 60095 (http) with context path ''
2023-07-02T16:49:17.838+01:00  INFO 19098 --- [           main] c.e.c.PackageControllerTests             : Started PackageControllerTests in 0.801 seconds (process running for 1.218)
2023-07-02T16:49:18.282+01:00  INFO 19098 --- [pool-3-thread-1] c.e.c.gateway.CurrencyConverterGateway   : Request to: https://product-service.herokuapp.com/api/v1/products/VqKb4tyj9V6i
The future operation took 375 ms
]]></system-out>
  </testcase>
  <testcase name="updatePackage" classname="com.example.codingexercise.PackageControllerTests" time="0.328">
    <system-out><![CDATA[2023-07-02T16:49:18.672+01:00  INFO 19098 --- [pool-4-thread-1] c.e.c.gateway.CurrencyConverterGateway   : Request to: https://product-service.herokuapp.com/api/v1/products/VqKb4tyj9V6i
The future operation took 105 ms
2023-07-02T16:49:18.776+01:00  INFO 19098 --- [           main] c.e.c.gateway.CurrencyConverterGateway   : Request to: https://api.frankfurter.app/latest?amount=1149.0&from=USD&to=EUR
2023-07-02T16:49:18.898+01:00  INFO 19098 --- [pool-5-thread-1] c.e.c.gateway.CurrencyConverterGateway   : Request to: https://product-service.herokuapp.com/api/v1/products/VqKb4tyj9V6i
The future operation took 99 ms
]]></system-out>
  </testcase>
</testsuite>